Flow report for projet_video
Wed Jan 17 10:16:39 2018
Quartus II 32-bit Version 11.1 Build 259 01/25/2012 Service Pack 2 SJ Full Version


---------------------
; Table of Contents ;
---------------------
  1. Legal Notice
  2. Flow Summary
  3. Flow Settings
  4. Flow Non-Default Global Settings
  5. Flow Elapsed Time
  6. Flow OS Summary
  7. Flow Log



----------------
; Legal Notice ;
----------------
Copyright (C) 1991-2011 Altera Corporation
Your use of Altera Corporation's design tools, logic functions 
and other software and tools, and its AMPP partner logic 
functions, and any output files from any of the foregoing 
(including device programming or simulation files), and any 
associated documentation or information are expressly subject 
to the terms and conditions of the Altera Program License 
Subscription Agreement, Altera MegaCore Function License 
Agreement, or other applicable license agreement, including, 
without limitation, that your use is for the sole purpose of 
programming logic devices manufactured by Altera and sold by 
Altera or its authorized distributors.  Please refer to the 
applicable agreement for further details.



+-------------------------------------------------------------------------------------+
; Flow Summary                                                                        ;
+------------------------------------+------------------------------------------------+
; Flow Status                        ; Successful - Wed Jan 17 10:16:12 2018          ;
; Quartus II 32-bit Version          ; 11.1 Build 259 01/25/2012 SP 2 SJ Full Version ;
; Revision Name                      ; projet_video                                   ;
; Top-level Entity Name              ; de2_tv                                         ;
; Family                             ; Cyclone II                                     ;
; Device                             ; EP2C35F672C6                                   ;
; Timing Models                      ; Final                                          ;
; Total logic elements               ; 27,482 / 33,216 ( 83 % )                       ;
;     Total combinational functions  ; 16,394 / 33,216 ( 49 % )                       ;
;     Dedicated logic registers      ; 22,608 / 33,216 ( 68 % )                       ;
; Total registers                    ; 22608                                          ;
; Total pins                         ; 151 / 475 ( 32 % )                             ;
; Total virtual pins                 ; 0                                              ;
; Total memory bits                  ; 24,576 / 483,840 ( 5 % )                       ;
; Embedded Multiplier 9-bit elements ; 25 / 70 ( 36 % )                               ;
; Total PLLs                         ; 1 / 4 ( 25 % )                                 ;
+------------------------------------+------------------------------------------------+


+-----------------------------------------+
; Flow Settings                           ;
+-------------------+---------------------+
; Option            ; Setting             ;
+-------------------+---------------------+
; Start date & time ; 01/17/2018 10:08:35 ;
; Main task         ; Compilation         ;
; Revision Name     ; projet_video        ;
+-------------------+---------------------+


+-------------------------------------------------------------------------------------------------------------------+
; Flow Non-Default Global Settings                                                                                  ;
+-------------------------------------+------------------------------+---------------+-------------+----------------+
; Assignment Name                     ; Value                        ; Default Value ; Entity Name ; Section Id     ;
+-------------------------------------+------------------------------+---------------+-------------+----------------+
; COMPILER_SIGNATURE_ID               ; 153251034586.151618011407546 ; --            ; --          ; --             ;
; MAX_CORE_JUNCTION_TEMP              ; 85                           ; --            ; --          ; --             ;
; MIN_CORE_JUNCTION_TEMP              ; 0                            ; --            ; --          ; --             ;
; PARTITION_COLOR                     ; 16764057                     ; --            ; de2_tv      ; Top            ;
; PARTITION_FITTER_PRESERVATION_LEVEL ; PLACEMENT_AND_ROUTING        ; --            ; de2_tv      ; Top            ;
; PARTITION_NETLIST_TYPE              ; SOURCE                       ; --            ; de2_tv      ; Top            ;
; TOP_LEVEL_ENTITY                    ; de2_tv                       ; projet_video  ; --          ; --             ;
; USE_GENERATED_PHYSICAL_CONSTRAINTS  ; Off                          ; --            ; --          ; eda_blast_fpga ;
+-------------------------------------+------------------------------+---------------+-------------+----------------+


+-------------------------------------------------------------------------------------------------------------------------------+
; Flow Elapsed Time                                                                                                             ;
+---------------------------+--------------+-------------------------+---------------------+------------------------------------+
; Module Name               ; Elapsed Time ; Average Processors Used ; Peak Virtual Memory ; Total CPU Time (on all processors) ;
+---------------------------+--------------+-------------------------+---------------------+------------------------------------+
; Analysis & Synthesis      ; 00:01:28     ; 1.0                     ; --                  ; 00:01:24                           ;
; Fitter                    ; 00:05:39     ; 1.5                     ; --                  ; 00:07:19                           ;
; Assembler                 ; 00:00:06     ; 1.0                     ; --                  ; 00:00:05                           ;
; TimeQuest Timing Analyzer ; 00:00:33     ; 1.5                     ; --                  ; 00:00:38                           ;
; Total                     ; 00:07:46     ; --                      ; --                  ; 00:09:26                           ;
+---------------------------+--------------+-------------------------+---------------------+------------------------------------+


+---------------------------------------------------------------------------------------------+
; Flow OS Summary                                                                             ;
+---------------------------+------------------+----------------+------------+----------------+
; Module Name               ; Machine Hostname ; OS Name        ; OS Version ; Processor type ;
+---------------------------+------------------+----------------+------------+----------------+
; Analysis & Synthesis      ; cimeld57         ; CentOS release ; 7          ; x86_64         ;
; Fitter                    ; cimeld57         ; CentOS release ; 7          ; x86_64         ;
; Assembler                 ; cimeld57         ; CentOS release ; 7          ; x86_64         ;
; TimeQuest Timing Analyzer ; cimeld57         ; CentOS release ; 7          ; x86_64         ;
+---------------------------+------------------+----------------+------------+----------------+


------------
; Flow Log ;
------------
quartus_map --read_settings_files=on --write_settings_files=off projet_video -c projet_video
quartus_fit --read_settings_files=off --write_settings_files=off projet_video -c projet_video
quartus_asm --read_settings_files=off --write_settings_files=off projet_video -c projet_video
quartus_sta projet_video -c projet_video



